<?xml version="1.0" encoding="UTF-8"?>
<!-- Generated by org.testng.reporters.JUnitReportReporter -->
<testsuite hostname="DESKTOP-F54K13E" failures="0" tests="1" name="com.test.DeviceApiTest" time="4.804" errors="0" timestamp="2024-09-18T12:26:16 IST" skipped="0">
  <testcase classname="com.test.DeviceApiTest" name="testAddNewDevice" time="4.804"/>
  <system-out/>
</testsuite> <!-- com.test.DeviceApiTest -->
